# Logfile created on 2014-01-25 14:00:22 +0530 by logger.rb/44203
I, [2014-01-25T14:00:22.770751 #25502]  INFO -- : 0:  rake (0.9.2.2) from /Users/ashitvora/.rvm/rubies/ruby-2.1.0/lib/ruby/gems/2.1.0/specifications/rake-0.9.2.2.gemspec
I, [2014-01-25T14:01:02.380055 #25502]  INFO -- : 0:  RedCloth (4.2.9) from /Users/ashitvora/.rvm/rubies/ruby-2.1.0/lib/ruby/gems/2.1.0/specifications/RedCloth-4.2.9.gemspec
I, [2014-01-25T14:01:21.291396 #25502]  INFO -- : 0:  chunky_png (1.2.5) from /Users/ashitvora/.rvm/rubies/ruby-2.1.0/lib/ruby/gems/2.1.0/specifications/chunky_png-1.2.5.gemspec
I, [2014-01-25T14:01:25.385183 #25502]  INFO -- : 0:  fast-stemmer (1.0.1) from /Users/ashitvora/.rvm/rubies/ruby-2.1.0/lib/ruby/gems/2.1.0/specifications/fast-stemmer-1.0.1.gemspec
I, [2014-01-25T14:01:28.752338 #25502]  INFO -- : 0:  classifier (1.3.3) from /Users/ashitvora/.rvm/rubies/ruby-2.1.0/lib/ruby/gems/2.1.0/specifications/classifier-1.3.3.gemspec
I, [2014-01-25T14:01:33.150071 #25502]  INFO -- : 0:  fssm (0.2.9) from /Users/ashitvora/.rvm/rubies/ruby-2.1.0/lib/ruby/gems/2.1.0/specifications/fssm-0.2.9.gemspec
I, [2014-01-25T14:01:47.684775 #25502]  INFO -- : 0:  sass (3.2.9) from /Users/ashitvora/.rvm/rubies/ruby-2.1.0/lib/ruby/gems/2.1.0/specifications/sass-3.2.9.gemspec
I, [2014-01-25T14:02:29.912155 #25502]  INFO -- : 0:  compass (0.12.2) from /Users/ashitvora/.rvm/rubies/ruby-2.1.0/lib/ruby/gems/2.1.0/specifications/compass-0.12.2.gemspec
I, [2014-01-25T14:02:33.412180 #25502]  INFO -- : 0:  directory_watcher (1.4.1) from /Users/ashitvora/.rvm/rubies/ruby-2.1.0/lib/ruby/gems/2.1.0/specifications/directory_watcher-1.4.1.gemspec
I, [2014-01-25T14:02:53.830114 #25502]  INFO -- : 0:  haml (3.1.7) from /Users/ashitvora/.rvm/rubies/ruby-2.1.0/lib/ruby/gems/2.1.0/specifications/haml-3.1.7.gemspec
I, [2014-01-25T14:03:05.491786 #25502]  INFO -- : 0:  kramdown (0.13.8) from /Users/ashitvora/.rvm/rubies/ruby-2.1.0/lib/ruby/gems/2.1.0/specifications/kramdown-0.13.8.gemspec
I, [2014-01-25T14:03:08.700887 #25502]  INFO -- : 0:  liquid (2.3.0) from /Users/ashitvora/.rvm/rubies/ruby-2.1.0/lib/ruby/gems/2.1.0/specifications/liquid-2.3.0.gemspec
I, [2014-01-25T14:03:11.579943 #25502]  INFO -- : 0:  syntax (1.0.0) from /Users/ashitvora/.rvm/rubies/ruby-2.1.0/lib/ruby/gems/2.1.0/specifications/syntax-1.0.0.gemspec
I, [2014-01-25T14:03:22.327787 #25502]  INFO -- : 0:  maruku (0.6.1) from /Users/ashitvora/.rvm/rubies/ruby-2.1.0/lib/ruby/gems/2.1.0/specifications/maruku-0.6.1.gemspec
I, [2014-01-25T14:03:26.214620 #25502]  INFO -- : 0:  posix-spawn (0.3.6) from /Users/ashitvora/.rvm/rubies/ruby-2.1.0/lib/ruby/gems/2.1.0/specifications/posix-spawn-0.3.6.gemspec
I, [2014-01-25T14:03:46.057361 #25502]  INFO -- : 0:  yajl-ruby (1.1.0) from /Users/ashitvora/.rvm/rubies/ruby-2.1.0/lib/ruby/gems/2.1.0/specifications/yajl-ruby-1.1.0.gemspec
I, [2014-01-25T14:06:21.232982 #25502]  INFO -- : 0:  pygments.rb (0.3.4) from /Users/ashitvora/.rvm/rubies/ruby-2.1.0/lib/ruby/gems/2.1.0/specifications/pygments.rb-0.3.4.gemspec
I, [2014-01-25T14:06:32.116061 #25502]  INFO -- : 0:  jekyll (0.12.0) from /Users/ashitvora/.rvm/rubies/ruby-2.1.0/lib/ruby/gems/2.1.0/specifications/jekyll-0.12.0.gemspec
I, [2014-01-25T14:07:09.755401 #25502]  INFO -- : 0:  rack (1.5.2) from /Users/ashitvora/.rvm/rubies/ruby-2.1.0/lib/ruby/gems/2.1.0/specifications/rack-1.5.2.gemspec
I, [2014-01-25T14:07:15.290840 #25502]  INFO -- : 0:  rack-protection (1.5.0) from /Users/ashitvora/.rvm/rubies/ruby-2.1.0/lib/ruby/gems/2.1.0/specifications/rack-protection-1.5.0.gemspec
I, [2014-01-25T14:07:20.670893 #25502]  INFO -- : 0:  rb-fsevent (0.9.1) from /Users/ashitvora/.rvm/rubies/ruby-2.1.0/lib/ruby/gems/2.1.0/specifications/rb-fsevent-0.9.1.gemspec
I, [2014-01-25T14:07:39.703342 #25502]  INFO -- : 0:  rdiscount (2.0.7.3) from /Users/ashitvora/.rvm/rubies/ruby-2.1.0/lib/ruby/gems/2.1.0/specifications/rdiscount-2.0.7.3.gemspec
I, [2014-01-25T14:07:42.775832 #25502]  INFO -- : 0:  rubypants (0.2.0) from /Users/ashitvora/.rvm/rubies/ruby-2.1.0/lib/ruby/gems/2.1.0/specifications/rubypants-0.2.0.gemspec
I, [2014-01-25T14:07:49.248608 #25502]  INFO -- : 0:  sass-globbing (1.0.0) from /Users/ashitvora/.rvm/rubies/ruby-2.1.0/lib/ruby/gems/2.1.0/specifications/sass-globbing-1.0.0.gemspec
I, [2014-01-25T14:09:18.573675 #25502]  INFO -- : 0:  tilt (1.3.7) from /Users/ashitvora/.rvm/rubies/ruby-2.1.0/lib/ruby/gems/2.1.0/specifications/tilt-1.3.7.gemspec
I, [2014-01-25T14:09:44.333364 #25502]  INFO -- : 0:  sinatra (1.4.2) from /Users/ashitvora/.rvm/rubies/ruby-2.1.0/lib/ruby/gems/2.1.0/specifications/sinatra-1.4.2.gemspec
I, [2014-01-25T14:09:51.957494 #25502]  INFO -- : 0:  stringex (1.4.0) from /Users/ashitvora/.rvm/rubies/ruby-2.1.0/lib/ruby/gems/2.1.0/specifications/stringex-1.4.0.gemspec
I, [2014-01-25T14:09:51.962634 #25502]  INFO -- : 0:  bundler (1.5.1) from /Users/ashitvora/.rvm/rubies/ruby-2.1.0/lib/ruby/gems/2.1.0/specifications/bundler-1.5.1.gemspec
